<?xml version="1.0" encoding="UTF-8"?>
<testng-results skipped="0" failed="0" ignored="0" total="1" passed="1">
  <reporter-output>
  </reporter-output>
  <suite name="Default suite" duration-ms="50110" started-at="2019-02-12T14:53:22Z" finished-at="2019-02-12T14:54:12Z">
    <groups>
    </groups>
    <test name="Default test" duration-ms="50110" started-at="2019-02-12T14:53:22Z" finished-at="2019-02-12T14:54:12Z">
      <class name="com.marlabs.testCase.TC05_BestDoctorsSearch">
        <test-method status="PASS" signature="init()[pri:0, instance:com.marlabs.testCase.TC05_BestDoctorsSearch@7a30d1e6]" name="init" is-config="true" duration-ms="3969" started-at="2019-02-12T14:53:18Z" finished-at="2019-02-12T14:53:22Z">
          <reporter-output>
          </reporter-output>
        </test-method> <!-- init -->
        <test-method status="PASS" signature="startTest()[pri:0, instance:com.marlabs.testCase.TC05_BestDoctorsSearch@7a30d1e6]" name="startTest" is-config="true" duration-ms="109" started-at="2019-02-12T14:53:22Z" finished-at="2019-02-12T14:53:22Z">
          <reporter-output>
          </reporter-output>
        </test-method> <!-- startTest -->
        <test-method status="PASS" signature="BestHospitalsSearch()[pri:0, instance:com.marlabs.testCase.TC05_BestDoctorsSearch@7a30d1e6]" name="BestHospitalsSearch" duration-ms="49789" started-at="2019-02-12T14:53:22Z" finished-at="2019-02-12T14:54:12Z">
          <reporter-output>
          </reporter-output>
        </test-method> <!-- BestHospitalsSearch -->
        <test-method status="PASS" signature="endTest()[pri:0, instance:com.marlabs.testCase.TC05_BestDoctorsSearch@7a30d1e6]" name="endTest" is-config="true" duration-ms="209" started-at="2019-02-12T14:54:12Z" finished-at="2019-02-12T14:54:12Z">
          <reporter-output>
          </reporter-output>
        </test-method> <!-- endTest -->
        <test-method status="PASS" signature="end()[pri:0, instance:com.marlabs.testCase.TC05_BestDoctorsSearch@7a30d1e6]" name="end" is-config="true" duration-ms="661" started-at="2019-02-12T14:54:12Z" finished-at="2019-02-12T14:54:13Z">
          <reporter-output>
          </reporter-output>
        </test-method> <!-- end -->
      </class> <!-- com.marlabs.testCase.TC05_BestDoctorsSearch -->
    </test> <!-- Default test -->
  </suite> <!-- Default suite -->
</testng-results>
