<?xml version="1.0" encoding="UTF-8"?>
<!-- Generated by org.testng.reporters.JUnitXMLReporter -->
<testsuite ignored="0" hostname="MLBMYS-12919" failures="1" tests="1" name="Default test(failed)" time="0.037" errors="0" timestamp="11 Oct 2018 06:47:34 GMT">
  <testcase classname="com.marlabs.testCase.TC04_BestDietsHomePage" name="VerifyBestDietsHomePage" time="0.004">
    <failure type="java.lang.NullPointerException">
      <![CDATA[java.lang.NullPointerException
at com.marlabs.core.PageObjeccts.AccessingURL(PageObjeccts.java:305)
at com.marlabs.testCase.TC04_BestDietsHomePage.VerifyBestDietsHomePage(TC04_BestDietsHomePage.java:35)
... Removed 25 stack frames]]>
    </failure>
  </testcase> <!-- VerifyBestDietsHomePage -->
</testsuite> <!-- Default test(failed) -->
