<?xml version="1.0" encoding="UTF-8"?>
<!-- Generated by org.testng.reporters.JUnitXMLReporter -->
<testsuite hostname="MLBMYS-12027" ignored="8" name="Test" tests="5" failures="0" timestamp="27 Feb 2019 14:39:18 GMT" time="161.034" errors="0">
  <testcase name="VerifyHomePage" time="92.297" classname="com.marlabs.testCase.TC01_AllSearch"/>
  <testcase name="HomePage" time="26.32" classname="com.marlabs.testCase.TC02_HompePageContents"/>
  <testcase name="VerifyHospitalProfile" time="5.437" classname="com.marlabs.testCase.TC03_HospitalProfilePageTestCase"/>
  <testcase name="BestHospitalsSearch" time="30.125" classname="com.marlabs.testCase.TC04_BestHospitalsSearchAll"/>
  <testcase name="BestHospitalsSearch" time="4.889" classname="com.marlabs.testCase.TC06_BestHospitalsSearch"/>
  <testcase name="@AfterSuite end" time="0.0" classname="com.marlabs.core.Controller">
    <ignored/>
  </testcase> <!-- @AfterSuite end -->
  <testcase name="@AfterSuite end" time="0.0" classname="com.marlabs.core.Controller">
    <ignored/>
  </testcase> <!-- @AfterSuite end -->
  <testcase name="@AfterSuite end" time="0.0" classname="com.marlabs.core.Controller">
    <ignored/>
  </testcase> <!-- @AfterSuite end -->
  <testcase name="@AfterSuite end" time="0.0" classname="com.marlabs.core.Controller">
    <ignored/>
  </testcase> <!-- @AfterSuite end -->
  <testcase name="@BeforeSuite init" time="0.0" classname="com.marlabs.core.Controller">
    <ignored/>
  </testcase> <!-- @BeforeSuite init -->
  <testcase name="@BeforeSuite init" time="0.0" classname="com.marlabs.core.Controller">
    <ignored/>
  </testcase> <!-- @BeforeSuite init -->
  <testcase name="@BeforeSuite init" time="0.0" classname="com.marlabs.core.Controller">
    <ignored/>
  </testcase> <!-- @BeforeSuite init -->
  <testcase name="@BeforeSuite init" time="0.0" classname="com.marlabs.core.Controller">
    <ignored/>
  </testcase> <!-- @BeforeSuite init -->
</testsuite> <!-- Test -->
