<?xml version="1.0" encoding="UTF-8"?>
<!-- Generated by org.testng.reporters.JUnitXMLReporter -->
<testsuite hostname="MLBMYS-12919" ignored="10" name="Test" tests="6" failures="0" timestamp="12 Feb 2019 13:55:50 GMT" time="133.172" errors="0">
  <testcase name="VerifyHomePage" time="45.479" classname="com.marlabs.testCase.TC01_AllSearch"/>
  <testcase name="HomePage" time="16.95" classname="com.marlabs.testCase.TC02_HompePageContents"/>
  <testcase name="VerifyHospitalProfile" time="4.368" classname="com.marlabs.testCase.TC03_HospitalProfilePageTestCase"/>
  <testcase name="BestHospitalsSearch" time="22.028" classname="com.marlabs.testCase.TC04_BestHospitalsSearchAll"/>
  <testcase name="BestHospitalsSearch" time="39.973" classname="com.marlabs.testCase.TC05_BestDoctorsSearch"/>
  <testcase name="BestHospitalsSearch" time="3.86" classname="com.marlabs.testCase.TC06_BestHospitalsSearch"/>
  <testcase name="@AfterSuite end" time="0.0" classname="com.marlabs.core.Controller">
    <ignored/>
  </testcase> <!-- @AfterSuite end -->
  <testcase name="@AfterSuite end" time="0.0" classname="com.marlabs.core.Controller">
    <ignored/>
  </testcase> <!-- @AfterSuite end -->
  <testcase name="@AfterSuite end" time="0.0" classname="com.marlabs.core.Controller">
    <ignored/>
  </testcase> <!-- @AfterSuite end -->
  <testcase name="@AfterSuite end" time="0.0" classname="com.marlabs.core.Controller">
    <ignored/>
  </testcase> <!-- @AfterSuite end -->
  <testcase name="@AfterSuite end" time="0.0" classname="com.marlabs.core.Controller">
    <ignored/>
  </testcase> <!-- @AfterSuite end -->
  <testcase name="@BeforeSuite init" time="0.0" classname="com.marlabs.core.Controller">
    <ignored/>
  </testcase> <!-- @BeforeSuite init -->
  <testcase name="@BeforeSuite init" time="0.0" classname="com.marlabs.core.Controller">
    <ignored/>
  </testcase> <!-- @BeforeSuite init -->
  <testcase name="@BeforeSuite init" time="0.0" classname="com.marlabs.core.Controller">
    <ignored/>
  </testcase> <!-- @BeforeSuite init -->
  <testcase name="@BeforeSuite init" time="0.0" classname="com.marlabs.core.Controller">
    <ignored/>
  </testcase> <!-- @BeforeSuite init -->
  <testcase name="@BeforeSuite init" time="0.0" classname="com.marlabs.core.Controller">
    <ignored/>
  </testcase> <!-- @BeforeSuite init -->
</testsuite> <!-- Test -->
