<?xml version="1.0" encoding="UTF-8"?>
<testsuite xmlns:xsi="http://www.w3.org/2001/XMLSchema-instance" xsi:noNamespaceSchemaLocation="https://maven.apache.org/surefire/maven-surefire-plugin/xsd/surefire-test-report.xsd" name="TestSuite" time="169.481" tests="5" errors="0" skipped="0" failures="0">
  <properties>
[...]
</properties>
  <testcase name="VerifyHomePage" classname="com.marlabs.testCase.TC01_AllSearch" time="92.302"/>
  <testcase name="HomePage" classname="com.marlabs.testCase.TC02_HompePageContents" time="26.319"/>
  <testcase name="VerifyHospitalProfile" classname="com.marlabs.testCase.TC03_HospitalProfilePageTestCase" time="5.437"/>
  <testcase name="BestHospitalsSearch" classname="com.marlabs.testCase.TC04_BestHospitalsSearchAll" time="30.124"/>
  <testcase name="BestHospitalsSearch" classname="com.marlabs.testCase.TC06_BestHospitalsSearch" time="4.888"/>
</testsuite>